

Microchip MPLAB XC8 Assembler V2.45 build 20230818022343 
                                                                                               Tue Jan 30 12:53:18 2024

Microchip MPLAB XC8 C Compiler v2.45 (Free license) build 20230818022343 Og1 
     1                           	processor	18F4550
     2                           	fnconf	rparam,??,?,0
     3                           	pagewidth 120
     4                           	opt	flic
     5                           	psect	cinit,global,reloc=2,class=CODE,delta=1
     6                           	psect	cstackCOMRAM,global,class=COMRAM,space=1,delta=1,lowdata,noexec
     7                           	psect	text0,global,reloc=2,class=CODE,delta=1
     8                           	psect	smallconst,global,reloc=2,class=SMALLCONST,delta=1,noexec
     9                           	psect	intsave_regs,global,class=BIGRAM,space=1,delta=1,noexec
    10                           	psect	rparam,global,class=COMRAM,space=1,delta=1,noexec
    11                           	psect	config,global,abs,ovrld,class=CONFIG,space=4,delta=1,noexec
    12   000000                     
    13                           ; Generated 23/03/2023 GMT
    14                           ; 
    15                           ; Copyright © 2023, Microchip Technology Inc. and its subsidiaries ("Microchip")
    16                           ; All rights reserved.
    17                           ; 
    18                           ; This software is developed by Microchip Technology Inc. and its subsidiaries ("Microch
      +                          ip").
    19                           ; 
    20                           ; Redistribution and use in source and binary forms, with or without modification, are
    21                           ; permitted provided that the following conditions are met:
    22                           ; 
    23                           ;     1. Redistributions of source code must retain the above copyright notice, this lis
      +                          t of
    24                           ;        conditions and the following disclaimer.
    25                           ; 
    26                           ;     2. Redistributions in binary form must reproduce the above copyright notice, this 
      +                          list
    27                           ;        of conditions and the following disclaimer in the documentation and/or other
    28                           ;        materials provided with the distribution. Publication is not required when
    29                           ;        this file is used in an embedded application.
    30                           ; 
    31                           ;     3. Microchip's name may not be used to endorse or promote products derived from th
      +                          is
    32                           ;        software without specific prior written permission.
    33                           ; 
    34                           ; THIS SOFTWARE IS PROVIDED BY MICROCHIP "AS IS" AND ANY EXPRESS OR IMPLIED WARRANTIES,
    35                           ; INCLUDING, BUT NOT LIMITED TO, THE IMPLIED WARRANTIES OF MERCHANTABILITY AND FITNESS F
      +                          OR
    36                           ; PURPOSE ARE DISCLAIMED.  IN NO EVENT SHALL MICROCHIP BE LIABLE FOR ANY DIRECT, INDIREC
      +                          T,
    37                           ; INCIDENTAL, SPECIAL, EXEMPLARY, OR CONSEQUENTIAL DAMAGES (INCLUDING BUT NOT LIMITED TO
    38                           ; PROCUREMENT OF SUBSTITUTE GOODS OR SERVICES; LOSS OF USE, DATA OR PROFITS; OR BUSINESS
    39                           ; INTERRUPTION) HOWSOEVER CAUSED AND ON ANY THEORY OF LIABILITY, WHETHER IN CONTRACT, ST
      +                          RICT
    40                           ; LIABILITY, OR TORT (INCLUDING NEGLIGENCE OR OTHERWISE) ARISING IN ANY WAY OUT OF THE U
      +                          SE OF
    41                           ; THIS SOFTWARE, EVEN IF ADVISED OF THE POSSIBILITY OF SUCH DAMAGE.
    42                           ; 
    43                           ; 
    44                           ; Code-generator required, PIC18F4550 Definitions
    45                           ; 
    46                           ; SFR Addresses
    47   000000                     _LATBbits	set	3978
    48   000000                     _TRISB	set	3987
    49   000000                     _ADCON1	set	4033
    50                           
    51                           ; #config settings
    52                           
    53                           	psect	cinit
    54   000992                     __pcinit:
    55                           	callstack 0
    56   000992                     start_initialization:
    57                           	callstack 0
    58   000992                     __initialization:
    59                           	callstack 0
    60   000992                     end_of_initialization:
    61                           	callstack 0
    62   000992                     __end_of__initialization:
    63                           	callstack 0
    64   000992  0100               	movlb	0
    65   000994  EF01  F004         	goto	_main	;jump to C main() function
    66                           
    67                           	psect	cstackCOMRAM
    68   000001                     __pcstackCOMRAM:
    69                           	callstack 0
    70   000001                     ??_main:
    71                           
    72                           ; 1 bytes @ 0x0
    73   000001                     	ds	2
    74                           
    75 ;;
    76 ;;Main: autosize = 0, tempsize = 2, incstack = 0, save=0
    77 ;;
    78 ;; *************** function _main *****************
    79 ;; Defined at:
    80 ;;		line 7 in file "main.c"
    81 ;; Parameters:    Size  Location     Type
    82 ;;		None
    83 ;; Auto vars:     Size  Location     Type
    84 ;;		None
    85 ;; Return value:  Size  Location     Type
    86 ;;                  1    wreg      void 
    87 ;; Registers used:
    88 ;;		wreg, status,2
    89 ;; Tracked objects:
    90 ;;		On entry : 0/0
    91 ;;		On exit  : 0/0
    92 ;;		Unchanged: 0/0
    93 ;; Data sizes:     COMRAM   BANK0   BANK1   BANK2   BANK3   BANK4   BANK5   BANK6   BANK7
    94 ;;      Params:         0       0       0       0       0       0       0       0       0
    95 ;;      Locals:         0       0       0       0       0       0       0       0       0
    96 ;;      Temps:          2       0       0       0       0       0       0       0       0
    97 ;;      Totals:         2       0       0       0       0       0       0       0       0
    98 ;;Total ram usage:        2 bytes
    99 ;; This function calls:
   100 ;;		Nothing
   101 ;; This function is called by:
   102 ;;		Startup code after reset
   103 ;; This function uses a non-reentrant model
   104 ;;
   105                           
   106                           	psect	text0
   107   000802                     __ptext0:
   108                           	callstack 0
   109   000802                     _main:
   110                           	callstack 31
   111   000802                     
   112                           ;main.c: 8:     ADCON1 = 0x0F;
   113   000802  0E0F               	movlw	15
   114   000804  6EC1               	movwf	193,c	;volatile
   115                           
   116                           ;main.c: 9:     TRISB = 0x00;
   117   000806  0E00               	movlw	0
   118   000808  6E93               	movwf	147,c	;volatile
   119   00080A                     l694:
   120                           
   121                           ;main.c: 12:         LATBbits.LB0=1;
   122   00080A  808A               	bsf	138,0,c	;volatile
   123   00080C                     
   124                           ;main.c: 13:         _delay((unsigned long)((200)*(20000000/4000.0)));
   125   00080C  0E06               	movlw	6
   126   00080E  6E02               	movwf	(??_main+1)^0,c
   127   000810  0E13               	movlw	19
   128   000812  6E01               	movwf	??_main^0,c
   129   000814  0EAE               	movlw	174
   130   000816                     u17:
   131   000816  2EE8               	decfsz	wreg,f,c
   132   000818  D7FE               	bra	u17
   133   00081A  2E01               	decfsz	??_main^0,f,c
   134   00081C  D7FC               	bra	u17
   135   00081E  2E02               	decfsz	(??_main+1)^0,f,c
   136   000820  D7FA               	bra	u17
   137   000822                     
   138                           ;main.c: 14:         LATBbits.LB1=1;
   139   000822  828A               	bsf	138,1,c	;volatile
   140   000824                     
   141                           ;main.c: 15:         _delay((unsigned long)((200)*(20000000/4000.0)));
   142   000824  0E06               	movlw	6
   143   000826  6E02               	movwf	(??_main+1)^0,c
   144   000828  0E13               	movlw	19
   145   00082A  6E01               	movwf	??_main^0,c
   146   00082C  0EAE               	movlw	174
   147   00082E                     u27:
   148   00082E  2EE8               	decfsz	wreg,f,c
   149   000830  D7FE               	bra	u27
   150   000832  2E01               	decfsz	??_main^0,f,c
   151   000834  D7FC               	bra	u27
   152   000836  2E02               	decfsz	(??_main+1)^0,f,c
   153   000838  D7FA               	bra	u27
   154   00083A                     
   155                           ;main.c: 16:         LATBbits.LB2=1;
   156   00083A  848A               	bsf	138,2,c	;volatile
   157   00083C                     
   158                           ;main.c: 17:         _delay((unsigned long)((200)*(20000000/4000.0)));
   159   00083C  0E06               	movlw	6
   160   00083E  6E02               	movwf	(??_main+1)^0,c
   161   000840  0E13               	movlw	19
   162   000842  6E01               	movwf	??_main^0,c
   163   000844  0EAE               	movlw	174
   164   000846                     u37:
   165   000846  2EE8               	decfsz	wreg,f,c
   166   000848  D7FE               	bra	u37
   167   00084A  2E01               	decfsz	??_main^0,f,c
   168   00084C  D7FC               	bra	u37
   169   00084E  2E02               	decfsz	(??_main+1)^0,f,c
   170   000850  D7FA               	bra	u37
   171   000852                     
   172                           ;main.c: 18:         LATBbits.LB3=1;
   173   000852  868A               	bsf	138,3,c	;volatile
   174   000854                     
   175                           ;main.c: 19:         _delay((unsigned long)((200)*(20000000/4000.0)));
   176   000854  0E06               	movlw	6
   177   000856  6E02               	movwf	(??_main+1)^0,c
   178   000858  0E13               	movlw	19
   179   00085A  6E01               	movwf	??_main^0,c
   180   00085C  0EAE               	movlw	174
   181   00085E                     u47:
   182   00085E  2EE8               	decfsz	wreg,f,c
   183   000860  D7FE               	bra	u47
   184   000862  2E01               	decfsz	??_main^0,f,c
   185   000864  D7FC               	bra	u47
   186   000866  2E02               	decfsz	(??_main+1)^0,f,c
   187   000868  D7FA               	bra	u47
   188   00086A                     
   189                           ;main.c: 20:         LATBbits.LB4=1;
   190   00086A  888A               	bsf	138,4,c	;volatile
   191   00086C                     
   192                           ;main.c: 21:         _delay((unsigned long)((200)*(20000000/4000.0)));
   193   00086C  0E06               	movlw	6
   194   00086E  6E02               	movwf	(??_main+1)^0,c
   195   000870  0E13               	movlw	19
   196   000872  6E01               	movwf	??_main^0,c
   197   000874  0EAE               	movlw	174
   198   000876                     u57:
   199   000876  2EE8               	decfsz	wreg,f,c
   200   000878  D7FE               	bra	u57
   201   00087A  2E01               	decfsz	??_main^0,f,c
   202   00087C  D7FC               	bra	u57
   203   00087E  2E02               	decfsz	(??_main+1)^0,f,c
   204   000880  D7FA               	bra	u57
   205   000882                     
   206                           ;main.c: 22:         LATBbits.LB5=1;
   207   000882  8A8A               	bsf	138,5,c	;volatile
   208   000884                     
   209                           ;main.c: 23:         _delay((unsigned long)((200)*(20000000/4000.0)));
   210   000884  0E06               	movlw	6
   211   000886  6E02               	movwf	(??_main+1)^0,c
   212   000888  0E13               	movlw	19
   213   00088A  6E01               	movwf	??_main^0,c
   214   00088C  0EAE               	movlw	174
   215   00088E                     u67:
   216   00088E  2EE8               	decfsz	wreg,f,c
   217   000890  D7FE               	bra	u67
   218   000892  2E01               	decfsz	??_main^0,f,c
   219   000894  D7FC               	bra	u67
   220   000896  2E02               	decfsz	(??_main+1)^0,f,c
   221   000898  D7FA               	bra	u67
   222   00089A                     
   223                           ;main.c: 24:         LATBbits.LB6=1;
   224   00089A  8C8A               	bsf	138,6,c	;volatile
   225   00089C                     
   226                           ;main.c: 25:         _delay((unsigned long)((200)*(20000000/4000.0)));
   227   00089C  0E06               	movlw	6
   228   00089E  6E02               	movwf	(??_main+1)^0,c
   229   0008A0  0E13               	movlw	19
   230   0008A2  6E01               	movwf	??_main^0,c
   231   0008A4  0EAE               	movlw	174
   232   0008A6                     u77:
   233   0008A6  2EE8               	decfsz	wreg,f,c
   234   0008A8  D7FE               	bra	u77
   235   0008AA  2E01               	decfsz	??_main^0,f,c
   236   0008AC  D7FC               	bra	u77
   237   0008AE  2E02               	decfsz	(??_main+1)^0,f,c
   238   0008B0  D7FA               	bra	u77
   239   0008B2                     
   240                           ;main.c: 26:         LATBbits.LB7=1;
   241   0008B2  8E8A               	bsf	138,7,c	;volatile
   242   0008B4                     
   243                           ;main.c: 27:         _delay((unsigned long)((200)*(20000000/4000.0)));
   244   0008B4  0E06               	movlw	6
   245   0008B6  6E02               	movwf	(??_main+1)^0,c
   246   0008B8  0E13               	movlw	19
   247   0008BA  6E01               	movwf	??_main^0,c
   248   0008BC  0EAE               	movlw	174
   249   0008BE                     u87:
   250   0008BE  2EE8               	decfsz	wreg,f,c
   251   0008C0  D7FE               	bra	u87
   252   0008C2  2E01               	decfsz	??_main^0,f,c
   253   0008C4  D7FC               	bra	u87
   254   0008C6  2E02               	decfsz	(??_main+1)^0,f,c
   255   0008C8  D7FA               	bra	u87
   256   0008CA                     
   257                           ;main.c: 28:         LATBbits.LB0=0;
   258   0008CA  908A               	bcf	138,0,c	;volatile
   259   0008CC                     
   260                           ;main.c: 29:         _delay((unsigned long)((200)*(20000000/4000.0)));
   261   0008CC  0E06               	movlw	6
   262   0008CE  6E02               	movwf	(??_main+1)^0,c
   263   0008D0  0E13               	movlw	19
   264   0008D2  6E01               	movwf	??_main^0,c
   265   0008D4  0EAE               	movlw	174
   266   0008D6                     u97:
   267   0008D6  2EE8               	decfsz	wreg,f,c
   268   0008D8  D7FE               	bra	u97
   269   0008DA  2E01               	decfsz	??_main^0,f,c
   270   0008DC  D7FC               	bra	u97
   271   0008DE  2E02               	decfsz	(??_main+1)^0,f,c
   272   0008E0  D7FA               	bra	u97
   273   0008E2                     
   274                           ;main.c: 30:         LATBbits.LB1=0;
   275   0008E2  928A               	bcf	138,1,c	;volatile
   276   0008E4                     
   277                           ;main.c: 31:         _delay((unsigned long)((200)*(20000000/4000.0)));
   278   0008E4  0E06               	movlw	6
   279   0008E6  6E02               	movwf	(??_main+1)^0,c
   280   0008E8  0E13               	movlw	19
   281   0008EA  6E01               	movwf	??_main^0,c
   282   0008EC  0EAE               	movlw	174
   283   0008EE                     u107:
   284   0008EE  2EE8               	decfsz	wreg,f,c
   285   0008F0  D7FE               	bra	u107
   286   0008F2  2E01               	decfsz	??_main^0,f,c
   287   0008F4  D7FC               	bra	u107
   288   0008F6  2E02               	decfsz	(??_main+1)^0,f,c
   289   0008F8  D7FA               	bra	u107
   290   0008FA                     
   291                           ;main.c: 32:         LATBbits.LB2=0;
   292   0008FA  948A               	bcf	138,2,c	;volatile
   293   0008FC                     
   294                           ;main.c: 33:         _delay((unsigned long)((200)*(20000000/4000.0)));
   295   0008FC  0E06               	movlw	6
   296   0008FE  6E02               	movwf	(??_main+1)^0,c
   297   000900  0E13               	movlw	19
   298   000902  6E01               	movwf	??_main^0,c
   299   000904  0EAE               	movlw	174
   300   000906                     u117:
   301   000906  2EE8               	decfsz	wreg,f,c
   302   000908  D7FE               	bra	u117
   303   00090A  2E01               	decfsz	??_main^0,f,c
   304   00090C  D7FC               	bra	u117
   305   00090E  2E02               	decfsz	(??_main+1)^0,f,c
   306   000910  D7FA               	bra	u117
   307   000912                     
   308                           ;main.c: 34:         LATBbits.LB3=0;
   309   000912  968A               	bcf	138,3,c	;volatile
   310   000914                     
   311                           ;main.c: 35:         _delay((unsigned long)((200)*(20000000/4000.0)));
   312   000914  0E06               	movlw	6
   313   000916  6E02               	movwf	(??_main+1)^0,c
   314   000918  0E13               	movlw	19
   315   00091A  6E01               	movwf	??_main^0,c
   316   00091C  0EAE               	movlw	174
   317   00091E                     u127:
   318   00091E  2EE8               	decfsz	wreg,f,c
   319   000920  D7FE               	bra	u127
   320   000922  2E01               	decfsz	??_main^0,f,c
   321   000924  D7FC               	bra	u127
   322   000926  2E02               	decfsz	(??_main+1)^0,f,c
   323   000928  D7FA               	bra	u127
   324   00092A                     
   325                           ;main.c: 36:         LATBbits.LB4=0;
   326   00092A  988A               	bcf	138,4,c	;volatile
   327   00092C                     
   328                           ;main.c: 37:         _delay((unsigned long)((200)*(20000000/4000.0)));
   329   00092C  0E06               	movlw	6
   330   00092E  6E02               	movwf	(??_main+1)^0,c
   331   000930  0E13               	movlw	19
   332   000932  6E01               	movwf	??_main^0,c
   333   000934  0EAE               	movlw	174
   334   000936                     u137:
   335   000936  2EE8               	decfsz	wreg,f,c
   336   000938  D7FE               	bra	u137
   337   00093A  2E01               	decfsz	??_main^0,f,c
   338   00093C  D7FC               	bra	u137
   339   00093E  2E02               	decfsz	(??_main+1)^0,f,c
   340   000940  D7FA               	bra	u137
   341   000942                     
   342                           ;main.c: 38:         LATBbits.LB5=0;
   343   000942  9A8A               	bcf	138,5,c	;volatile
   344   000944                     
   345                           ;main.c: 39:         _delay((unsigned long)((200)*(20000000/4000.0)));
   346   000944  0E06               	movlw	6
   347   000946  6E02               	movwf	(??_main+1)^0,c
   348   000948  0E13               	movlw	19
   349   00094A  6E01               	movwf	??_main^0,c
   350   00094C  0EAE               	movlw	174
   351   00094E                     u147:
   352   00094E  2EE8               	decfsz	wreg,f,c
   353   000950  D7FE               	bra	u147
   354   000952  2E01               	decfsz	??_main^0,f,c
   355   000954  D7FC               	bra	u147
   356   000956  2E02               	decfsz	(??_main+1)^0,f,c
   357   000958  D7FA               	bra	u147
   358   00095A                     
   359                           ;main.c: 40:         LATBbits.LB6=0;
   360   00095A  9C8A               	bcf	138,6,c	;volatile
   361   00095C                     
   362                           ;main.c: 41:         _delay((unsigned long)((200)*(20000000/4000.0)));
   363   00095C  0E06               	movlw	6
   364   00095E  6E02               	movwf	(??_main+1)^0,c
   365   000960  0E13               	movlw	19
   366   000962  6E01               	movwf	??_main^0,c
   367   000964  0EAE               	movlw	174
   368   000966                     u157:
   369   000966  2EE8               	decfsz	wreg,f,c
   370   000968  D7FE               	bra	u157
   371   00096A  2E01               	decfsz	??_main^0,f,c
   372   00096C  D7FC               	bra	u157
   373   00096E  2E02               	decfsz	(??_main+1)^0,f,c
   374   000970  D7FA               	bra	u157
   375   000972                     
   376                           ;main.c: 42:         LATBbits.LB7=0;
   377   000972  9E8A               	bcf	138,7,c	;volatile
   378   000974                     
   379                           ;main.c: 43:         _delay((unsigned long)((200)*(20000000/4000.0)));
   380   000974  0E06               	movlw	6
   381   000976  6E02               	movwf	(??_main+1)^0,c
   382   000978  0E13               	movlw	19
   383   00097A  6E01               	movwf	??_main^0,c
   384   00097C  0EAE               	movlw	174
   385   00097E                     u167:
   386   00097E  2EE8               	decfsz	wreg,f,c
   387   000980  D7FE               	bra	u167
   388   000982  2E01               	decfsz	??_main^0,f,c
   389   000984  D7FC               	bra	u167
   390   000986  2E02               	decfsz	(??_main+1)^0,f,c
   391   000988  D7FA               	bra	u167
   392   00098A  EF05  F004         	goto	l694
   393   00098E  EF00  F000         	goto	start
   394   000992                     __end_of_main:
   395                           	callstack 0
   396                           
   397                           	psect	smallconst
   398   000800                     __psmallconst:
   399                           	callstack 0
   400   000800  00                 	db	0
   401   000801  00                 	db	0	; dummy byte at the end
   402   000000                     
   403                           	psect	rparam
   404   000000                     
   405                           	psect	config
   406                           
   407                           ;Config register CONFIG1L @ 0x300000
   408                           ;	PLL Prescaler Selection bits
   409                           ;	PLLDIV = 1, No prescale (4 MHz oscillator input drives PLL directly)
   410                           ;	System Clock Postscaler Selection bits
   411                           ;	CPUDIV = OSC1_PLL2, [Primary Oscillator Src: /1][96 MHz PLL Src: /2]
   412                           ;	USB Clock Selection bit (used in Full-Speed USB mode only; UCFG:FSEN = 1)
   413                           ;	USBDIV = 1, USB clock source comes directly from the primary oscillator block with no 
      +                          postscale
   414   300000                     	org	3145728
   415   300000  00                 	db	0
   416                           
   417                           ;Config register CONFIG1H @ 0x300001
   418                           ;	Oscillator Selection bits
   419                           ;	FOSC = HS, HS oscillator (HS)
   420                           ;	Fail-Safe Clock Monitor Enable bit
   421                           ;	FCMEN = OFF, Fail-Safe Clock Monitor disabled
   422                           ;	Internal/External Oscillator Switchover bit
   423                           ;	IESO = OFF, Oscillator Switchover mode disabled
   424   300001                     	org	3145729
   425   300001  0C                 	db	12
   426                           
   427                           ;Config register CONFIG2L @ 0x300002
   428                           ;	Power-up Timer Enable bit
   429                           ;	PWRT = OFF, PWRT disabled
   430                           ;	Brown-out Reset Enable bits
   431                           ;	BOR = ON, Brown-out Reset enabled in hardware only (SBOREN is disabled)
   432                           ;	Brown-out Reset Voltage bits
   433                           ;	BORV = 3, Minimum setting 2.05V
   434                           ;	USB Voltage Regulator Enable bit
   435                           ;	VREGEN = OFF, USB voltage regulator disabled
   436   300002                     	org	3145730
   437   300002  1F                 	db	31
   438                           
   439                           ;Config register CONFIG2H @ 0x300003
   440                           ;	Watchdog Timer Enable bit
   441                           ;	WDT = ON, WDT enabled
   442                           ;	Watchdog Timer Postscale Select bits
   443                           ;	WDTPS = 32768, 1:32768
   444   300003                     	org	3145731
   445   300003  1F                 	db	31
   446                           
   447                           ; Padding undefined space
   448   300004                     	org	3145732
   449   300004  FF                 	db	255
   450                           
   451                           ;Config register CONFIG3H @ 0x300005
   452                           ;	CCP2 MUX bit
   453                           ;	CCP2MX = ON, CCP2 input/output is multiplexed with RC1
   454                           ;	PORTB A/D Enable bit
   455                           ;	PBADEN = ON, PORTB<4:0> pins are configured as analog input channels on Reset
   456                           ;	Low-Power Timer 1 Oscillator Enable bit
   457                           ;	LPT1OSC = OFF, Timer1 configured for higher power operation
   458                           ;	MCLR Pin Enable bit
   459                           ;	MCLRE = ON, MCLR pin enabled; RE3 input pin disabled
   460   300005                     	org	3145733
   461   300005  83                 	db	131
   462                           
   463                           ;Config register CONFIG4L @ 0x300006
   464                           ;	Stack Full/Underflow Reset Enable bit
   465                           ;	STVREN = ON, Stack full/underflow will cause Reset
   466                           ;	Single-Supply ICSP Enable bit
   467                           ;	LVP = ON, Single-Supply ICSP enabled
   468                           ;	Dedicated In-Circuit Debug/Programming Port (ICPORT) Enable bit
   469                           ;	ICPRT = OFF, ICPORT disabled
   470                           ;	Extended Instruction Set Enable bit
   471                           ;	XINST = OFF, Instruction set extension and Indexed Addressing mode disabled (Legacy mo
      +                          de)
   472                           ;	Background Debugger Enable bit
   473                           ;	DEBUG = 0x1, unprogrammed default
   474   300006                     	org	3145734
   475   300006  85                 	db	133
   476                           
   477                           ; Padding undefined space
   478   300007                     	org	3145735
   479   300007  FF                 	db	255
   480                           
   481                           ;Config register CONFIG5L @ 0x300008
   482                           ;	Code Protection bit
   483                           ;	CP0 = OFF, Block 0 (000800-001FFFh) is not code-protected
   484                           ;	Code Protection bit
   485                           ;	CP1 = OFF, Block 1 (002000-003FFFh) is not code-protected
   486                           ;	Code Protection bit
   487                           ;	CP2 = OFF, Block 2 (004000-005FFFh) is not code-protected
   488                           ;	Code Protection bit
   489                           ;	CP3 = OFF, Block 3 (006000-007FFFh) is not code-protected
   490   300008                     	org	3145736
   491   300008  0F                 	db	15
   492                           
   493                           ;Config register CONFIG5H @ 0x300009
   494                           ;	Boot Block Code Protection bit
   495                           ;	CPB = OFF, Boot block (000000-0007FFh) is not code-protected
   496                           ;	Data EEPROM Code Protection bit
   497                           ;	CPD = OFF, Data EEPROM is not code-protected
   498   300009                     	org	3145737
   499   300009  C0                 	db	192
   500                           
   501                           ;Config register CONFIG6L @ 0x30000A
   502                           ;	Write Protection bit
   503                           ;	WRT0 = OFF, Block 0 (000800-001FFFh) is not write-protected
   504                           ;	Write Protection bit
   505                           ;	WRT1 = OFF, Block 1 (002000-003FFFh) is not write-protected
   506                           ;	Write Protection bit
   507                           ;	WRT2 = OFF, Block 2 (004000-005FFFh) is not write-protected
   508                           ;	Write Protection bit
   509                           ;	WRT3 = OFF, Block 3 (006000-007FFFh) is not write-protected
   510   30000A                     	org	3145738
   511   30000A  0F                 	db	15
   512                           
   513                           ;Config register CONFIG6H @ 0x30000B
   514                           ;	Configuration Register Write Protection bit
   515                           ;	WRTC = OFF, Configuration registers (300000-3000FFh) are not write-protected
   516                           ;	Boot Block Write Protection bit
   517                           ;	WRTB = OFF, Boot block (000000-0007FFh) is not write-protected
   518                           ;	Data EEPROM Write Protection bit
   519                           ;	WRTD = OFF, Data EEPROM is not write-protected
   520   30000B                     	org	3145739
   521   30000B  E0                 	db	224
   522                           
   523                           ;Config register CONFIG7L @ 0x30000C
   524                           ;	Table Read Protection bit
   525                           ;	EBTR0 = OFF, Block 0 (000800-001FFFh) is not protected from table reads executed in ot
      +                          her blocks
   526                           ;	Table Read Protection bit
   527                           ;	EBTR1 = OFF, Block 1 (002000-003FFFh) is not protected from table reads executed in ot
      +                          her blocks
   528                           ;	Table Read Protection bit
   529                           ;	EBTR2 = OFF, Block 2 (004000-005FFFh) is not protected from table reads executed in ot
      +                          her blocks
   530                           ;	Table Read Protection bit
   531                           ;	EBTR3 = OFF, Block 3 (006000-007FFFh) is not protected from table reads executed in ot
      +                          her blocks
   532   30000C                     	org	3145740
   533   30000C  0F                 	db	15
   534                           
   535                           ;Config register CONFIG7H @ 0x30000D
   536                           ;	Boot Block Table Read Protection bit
   537                           ;	EBTRB = OFF, Boot block (000000-0007FFh) is not protected from table reads executed in
      +                           other blocks
   538   30000D                     	org	3145741
   539   30000D  40                 	db	64
   540                           tosu	equ	0xFFF
   541                           tosh	equ	0xFFE
   542                           tosl	equ	0xFFD
   543                           stkptr	equ	0xFFC
   544                           pclatu	equ	0xFFB
   545                           pclath	equ	0xFFA
   546                           pcl	equ	0xFF9
   547                           tblptru	equ	0xFF8
   548                           tblptrh	equ	0xFF7
   549                           tblptrl	equ	0xFF6
   550                           tablat	equ	0xFF5
   551                           prodh	equ	0xFF4
   552                           prodl	equ	0xFF3
   553                           indf0	equ	0xFEF
   554                           postinc0	equ	0xFEE
   555                           postdec0	equ	0xFED
   556                           preinc0	equ	0xFEC
   557                           plusw0	equ	0xFEB
   558                           fsr0h	equ	0xFEA
   559                           fsr0l	equ	0xFE9
   560                           wreg	equ	0xFE8
   561                           indf1	equ	0xFE7
   562                           postinc1	equ	0xFE6
   563                           postdec1	equ	0xFE5
   564                           preinc1	equ	0xFE4
   565                           plusw1	equ	0xFE3
   566                           fsr1h	equ	0xFE2
   567                           fsr1l	equ	0xFE1
   568                           bsr	equ	0xFE0
   569                           indf2	equ	0xFDF
   570                           postinc2	equ	0xFDE
   571                           postdec2	equ	0xFDD
   572                           preinc2	equ	0xFDC
   573                           plusw2	equ	0xFDB
   574                           fsr2h	equ	0xFDA
   575                           fsr2l	equ	0xFD9
   576                           status	equ	0xFD8

Data Sizes:
    Strings     0
    Constant    0
    Data        0
    BSS         0
    Persistent  0
    Stack       0

Auto Spaces:
    Space          Size  Autos    Used
    COMRAM           95      2       2
    BANK0           160      0       0
    BANK1           256      0       0
    BANK2           256      0       0
    BANK3           256      0       0
    BANK4           256      0       0
    BANK5           256      0       0
    BANK6           256      0       0
    BANK7           256      0       0

Pointer List with Targets:

    None.

Critical Paths under _main in COMRAM

    None.

Critical Paths under _main in BANK0

    None.

Critical Paths under _main in BANK1

    None.

Critical Paths under _main in BANK2

    None.

Critical Paths under _main in BANK3

    None.

Critical Paths under _main in BANK4

    None.

Critical Paths under _main in BANK5

    None.

Critical Paths under _main in BANK6

    None.

Critical Paths under _main in BANK7

    None.

Call Graph Tables:

 ---------------------------------------------------------------------------------
 (Depth) Function   	        Calls       Base Space   Used Autos Params    Refs
 ---------------------------------------------------------------------------------
 (0) _main                                                 2     2      0       0
                                              0 COMRAM     2     2      0
 ---------------------------------------------------------------------------------
 Estimated maximum stack depth 0
 ---------------------------------------------------------------------------------

 Call Graph Graphs:

 _main (ROOT)

 Address spaces:
Name               Size   Autos  Total    Cost      Usage
BITCOMRAM           5F      0       0       0        0.0%
EEDATA             100      0       0       0        0.0%
NULL                 0      0       0       0        0.0%
CODE                 0      0       0       0        0.0%
COMRAM              5F      2       2       1        2.1%
STACK                0      0       0       2        0.0%
DATA                 0      0       0       3        0.0%
BITBANK0            A0      0       0       4        0.0%
BANK0               A0      0       0       5        0.0%
BITBANK1           100      0       0       6        0.0%
BANK1              100      0       0       7        0.0%
BITBANK2           100      0       0       8        0.0%
BANK2              100      0       0       9        0.0%
BITBANK3           100      0       0      10        0.0%
BANK3              100      0       0      11        0.0%
BITBANK4           100      0       0      12        0.0%
BANK4              100      0       0      13        0.0%
BITBANK5           100      0       0      14        0.0%
BANK5              100      0       0      15        0.0%
BITBANK6           100      0       0      16        0.0%
BANK6              100      0       0      17        0.0%
BITBANK7           100      0       0      18        0.0%
BANK7              100      0       0      19        0.0%
BITBIGSFRh          3E      0       0      20        0.0%
BITBIGSFRlh         2D      0       0      21        0.0%
BITBIGSFRllh         8      0       0      22        0.0%
BITBIGSFRlll        2A      0       0      23        0.0%
ABS                  0      0       0      24        0.0%
BIGRAM             7FF      0       0      25        0.0%
BIGSFR               0      0       0     200        0.0%
BITSFR               0      0       0     200        0.0%
SFR                  0      0       0     200        0.0%


Microchip Technology PIC18 Macro Assembler V2.45 build 20230818022343 
Symbol Table                                                                                   Tue Jan 30 12:53:18 2024

                     u17 0816                       u27 082E                       u37 0846  
                     u47 085E                       u57 0876                       u67 088E  
                     u77 08A6                       u87 08BE                       u97 08D6  
                    l700 0824                      l710 086A                      l702 083A  
                    l720 089C                      l712 086C                      l704 083C  
                    l730 08E2                      l722 08B2                      l714 0882  
                    l706 0852                      l740 0914                      l732 08E4  
                    l724 08B4                      l716 0884                      l708 0854  
                    l750 095A                      l742 092A                      l734 08FA  
                    l726 08CA                      l718 089A                      l752 095C  
                    l744 092C                      l736 08FC                      l728 08CC  
                    l754 0972                      l746 0942                      l738 0912  
                    l756 0974                      l748 0944                      l692 0802  
                    l694 080A                      l696 080C                      l698 0822  
                    u107 08EE                      u117 0906                      u127 091E  
                    u137 0936                      u147 094E                      u157 0966  
                    u167 097E                      wreg 0FE8                     _main 0802  
                   start 0000             ___param_bank 0000                    ?_main 0001  
                  _TRISB 0F93          __initialization 0992             __end_of_main 0992  
                 ??_main 0001            __activetblptr 0000                   _ADCON1 0FC1  
                 isa$std 0001             __mediumconst 0000               __accesstop 0060  
__end_of__initialization 0992            ___rparam_used 0001           __pcstackCOMRAM 0001  
                __Hparam 0000                  __Lparam 0000             __psmallconst 0800  
                __pcinit 0992                  __ramtop 0800                  __ptext0 0802  
   end_of_initialization 0992      start_initialization 0992              __smallconst 0800  
               _LATBbits 0F8A                 __Hrparam 0000                 __Lrparam 0000  
               isa$xinst 0000  
